[I 2026-09-24 12:46:49,230] Trial 3 finished with value: 0.8153189533471221 and parameters: {'learning_rate': 0.03647316284911211, 'max_iter': 578, 'max_leaf_nodes': 41, 'min_samples_leaf': 12, 'l2_regularization': 0.01474275315991467, 'max_bins': 134}. Best is trial 1 with value: 0.8241964608161791.
[I 2026-09-24 12:46:57,128] Trial 4 finished with value: 0.8134607176860698 and parameters: {'learning_rate': 0.03920673972242137, 'max_iter': 1221, 'max_leaf_nodes': 18, 'min_samples_leaf': 33, 'l2_regularization': 0.23423849847112907, 'max_bins': 72}. Best is trial 1 with value: 0.8241964608161791.
[I 2026-09-24 12:46:59,108] Trial 5 finished with value: 0.8293312321481335 and parameters: {'learning_rate': 0.061721159481070736, 'max_iter': 421, 'max_leaf_nodes': 10, 'min_samples_leaf': 58, 'l2_regularization': 7.2866537374910445, 'max_bins': 219}. Best is trial 5 with value: 0.8293312321481335.
[I 2026-09-24 12:47:01,727] Trial 6 finished with value: 0.8274729964870808 and parameters: {'learning_rate': 0.0249064396938244, 'max_iter': 327, 'max_leaf_nodes': 46, 'min_samples_leaf': 29, 'l2_regularization': 0.003077180271250686, 'max_bins': 159}. Best is trial 5 with value: 0.8293312321481335.
[I 2026-09-24 12:47:09,230] Trial 7 finished with value: 0.826071111986605 and parameters: {'learning_rate': 0.011085122517311707, 'max_iter': 1383, 'max_leaf_nodes': 21, 'min_samples_leaf': 42, 'l2_regularization': 0.017654048052495083, 'max_bins': 163}. Best is trial 5 with value: 0.8293312321481335.
[I 2026-09-24 12:47:11,559] Trial 8 finished with value: 0.8279359138514069 and parameters: {'learning_rate': 0.05143828405076928, 'max_iter': 440, 'max_leaf_nodes': 62, 'min_samples_leaf': 48, 'l2_regularization': 5.727904470799623, 'max_bins': 235}. Best is trial 5 with value: 0.8293312321481335.
[I 2026-09-24 12:47:20,389] Trial 9 finished with value: 0.8110936012344463 and parameters: {'learning_rate': 0.059963338824126605, 'max_iter': 1399, 'max_leaf_nodes': 12, 'min_samples_leaf': 15, 'l2_regularization': 0.0015167330688076208, 'max_bins': 126}. Best is trial 5 with value: 0.8293312321481335.
[I 2026-09-24 12:47:22,528] Trial 10 finished with value: 0.8120555500837192 and parameters: {'learning_rate': 0.19166084540609485, 'max_iter': 414, 'max_leaf_nodes': 19, 'min_samples_leaf': 53, 'l2_regularization': 0.6698181386932585, 'max_bins': 181}. Best is trial 5 with value: 0.8293312321481335.
[I 2026-09-24 12:47:25,689] Trial 11 finished with value: 0.8213992580189763 and parameters: {'learning_rate': 0.08031879473491466, 'max_iter': 714, 'max_leaf_nodes': 43, 'min_samples_leaf': 59, 'l2_regularization': 2.7856488040219944, 'max_bins': 252}. Best is trial 5 with value: 0.8293312321481335.
[I 2026-09-24 12:47:28,898] Trial 12 finished with value: 0.8274762795889556 and parameters: {'learning_rate': 0.030501300343626424, 'max_iter': 666, 'max_leaf_nodes': 12, 'min_samples_leaf': 53, 'l2_regularization': 2.2170343792525133, 'max_bins': 250}. Best is trial 5 with value: 0.8293312321481335.
[I 2026-09-24 12:47:30,947] Trial 13 finished with value: 0.8256246101316524 and parameters: {'learning_rate': 0.08182320174108075, 'max_iter': 348, 'max_leaf_nodes': 50, 'min_samples_leaf': 43, 'l2_regularization': 4.4938322907194115, 'max_bins': 214}. Best is trial 5 with value: 0.8293312321481335.
[I 2026-09-24 12:47:33,881] Trial 14 finished with value: 0.8190715387898486 and parameters: {'learning_rate': 0.05283630855394973, 'max_iter': 579, 'max_leaf_nodes': 62, 'min_samples_leaf': 50, 'l2_regularization': 0.9945270623483505, 'max_bins': 177}. Best is trial 5 with value: 0.8293312321481335.
[12:47:37]   outer fold 2: 0.8034
[I 2026-09-24 12:47:37,626] A new study created in memory with name: no-name-242cbfb6-27d8-43fa-9465-01464cea76f1
[I 2026-09-24 12:47:46,125] Trial 0 finished with value: 0.8036376768771135 and parameters: {'learning_rate': 0.030710573677773714, 'max_iter': 1436, 'max_leaf_nodes': 48, 'min_samples_leaf': 38, 'l2_regularization': 0.004207988669606638, 'max_bins': 93}. Best is trial 0 with value: 0.8036376768771135.
[I 2026-09-24 12:47:53,243] Trial 1 finished with value: 0.8181063068387012 and parameters: {'learning_rate': 0.011900590783184251, 'max_iter': 1326, 'max_leaf_nodes': 41, 'min_samples_leaf': 44, 'l2_regularization': 0.0012087541473056963, 'max_bins': 250}. Best is trial 1 with value: 0.8181063068387012.
[I 2026-09-24 12:47:57,483] Trial 2 finished with value: 0.785449292491546 and parameters: {'learning_rate': 0.12106896936002161, 'max_iter': 476, 'max_leaf_nodes': 17, 'min_samples_leaf': 15, 'l2_regularization': 0.016480446427978974, 'max_bins': 164}. Best is trial 1 with value: 0.8181063068387012.
[I 2026-09-24 12:48:06,381] Trial 3 finished with value: 0.798043271282708 and parameters: {'learning_rate': 0.03647316284911211, 'max_iter': 578, 'max_leaf_nodes': 41, 'min_samples_leaf': 12, 'l2_regularization': 0.01474275315991467, 'max_bins': 134}. Best is trial 1 with value: 0.8181063068387012.
[I 2026-09-24 12:48:14,265] Trial 4 finished with value: 0.7952427853836305 and parameters: {'learning_rate': 0.03920673972242137, 'max_iter': 1221, 'max_leaf_nodes': 18, 'min_samples_leaf': 33, 'l2_regularization': 0.23423849847112907, 'max_bins': 72}. Best is trial 1 with value: 0.8181063068387012.
[I 2026-09-24 12:48:16,353] Trial 5 finished with value: 0.8237105617387308 and parameters: {'learning_rate': 0.061721159481070736, 'max_iter': 421, 'max_leaf_nodes': 10, 'min_samples_leaf': 58, 'l2_regularization': 7.2866537374910445, 'max_bins': 219}. Best is trial 5 with value: 0.8237105617387308.
[I 2026-09-24 12:48:19,040] Trial 6 finished with value: 0.8218687415870515 and parameters: {'learning_rate': 0.0249064396938244, 'max_iter': 327, 'max_leaf_nodes': 46, 'min_samples_leaf': 29, 'l2_regularization': 0.003077180271250686, 'max_bins': 159}. Best is trial 5 with value: 0.8237105617387308.
[I 2026-09-24 12:48:26,500] Trial 7 finished with value: 0.8185757904067764 and parameters: {'learning_rate': 0.011085122517311707, 'max_iter': 1383, 'max_leaf_nodes': 21, 'min_samples_leaf': 42, 'l2_regularization': 0.017654048052495083, 'max_bins': 163}. Best is trial 5 with value: 0.8237105617387308.
[I 2026-09-24 12:48:28,793] Trial 8 finished with value: 0.8213762763058537 and parameters: {'learning_rate': 0.05143828405076928, 'max_iter': 440, 'max_leaf_nodes': 62, 'min_samples_leaf': 48, 'l2_regularization': 5.727904470799623, 'max_bins': 235}. Best is trial 5 with value: 0.8237105617387308.
[I 2026-09-24 12:48:37,570] Trial 9 finished with value: 0.7873502084769689 and parameters: {'learning_rate': 0.059963338824126605, 'max_iter': 1399, 'max_leaf_nodes': 12, 'min_samples_leaf': 15, 'l2_regularization': 0.0015167330688076208, 'max_bins': 126}. Best is trial 5 with value: 0.8237105617387308.
[I 2026-09-24 12:48:39,689] Trial 10 finished with value: 0.809711415345218 and parameters: {'learning_rate': 0.19166084540609485, 'max_iter': 414, 'max_leaf_nodes': 19, 'min_samples_leaf': 53, 'l2_regularization': 0.6698181386932585, 'max_bins': 181}. Best is trial 5 with value: 0.8237105617387308.
[I 2026-09-24 12:48:42,764] Trial 11 finished with value: 0.8265373124528054 and parameters: {'learning_rate': 0.04549252521747212, 'max_iter': 525, 'max_leaf_nodes': 10, 'min_samples_leaf': 31, 'l2_regularization': 4.625327138355236, 'max_bins': 185}. Best is trial 11 with value: 0.8265373124528054.
[I 2026-09-24 12:48:44,405] Trial 12 finished with value: 0.8237499589612266 and parameters: {'learning_rate': 0.0733088203012861, 'max_iter': 273, 'max_leaf_nodes': 9, 'min_samples_leaf': 36, 'l2_regularization': 8.007524115230005, 'max_bins': 242}. Best is trial 11 with value: 0.8265373124528054.
[I 2026-09-24 12:48:47,412] Trial 13 finished with value: 0.8251387110542041 and parameters: {'learning_rate': 0.05064223950992398, 'max_iter': 436, 'max_leaf_nodes': 14, 'min_samples_leaf': 31, 'l2_regularization': 6.027388331020701, 'max_bins': 239}. Best is trial 11 with value: 0.8265373124528054.
[I 2026-09-24 12:48:51,372] Trial 14 finished with value: 0.8120325683705966 and parameters: {'learning_rate': 0.051879994153253374, 'max_iter': 561, 'max_leaf_nodes': 27, 'min_samples_leaf': 30, 'l2_regularization': 3.3649649949877247, 'max_bins': 215}. Best is trial 11 with value: 0.8265373124528054.
[12:48:55]   outer fold 3: 0.8596
[I 2026-09-24 12:48:55,549] A new study created in memory with name: no-name-a3e1fae7-9d64-4df8-b278-c1257c703fd3
[I 2026-09-24 12:49:03,886] Trial 0 finished with value: 0.8167503857644701 and parameters: {'learning_rate': 0.030710573677773714, 'max_iter': 1436, 'max_leaf_nodes': 48, 'min_samples_leaf': 38, 'l2_regularization': 0.004207988669606638, 'max_bins': 93}. Best is trial 0 with value: 0.8167503857644701.
[I 2026-09-24 12:49:10,931] Trial 1 finished with value: 0.8279588955645294 and parameters: {'learning_rate': 0.011900590783184251, 'max_iter': 1326, 'max_leaf_nodes': 41, 'min_samples_leaf': 44, 'l2_regularization': 0.0012087541473056963, 'max_bins': 250}. Best is trial 1 with value: 0.8279588955645294.
[I 2026-09-24 12:49:15,113] Trial 2 finished with value: 0.8022653402935093 and parameters: {'learning_rate': 0.12106896936002161, 'max_iter': 476, 'max_leaf_nodes': 17, 'min_samples_leaf': 15, 'l2_regularization': 0.016480446427978974, 'max_bins': 164}. Best is trial 1 with value: 0.8279588955645294.
[I 2026-09-24 12:49:23,842] Trial 3 finished with value: 0.8069700252798845 and parameters: {'learning_rate': 0.03647316284911211, 'max_iter': 578, 'max_leaf_nodes': 41, 'min_samples_leaf': 12, 'l2_regularization': 0.01474275315991467, 'max_bins': 134}. Best is trial 1 with value: 0.8279588955645294.
[I 2026-09-24 12:49:31,705] Trial 4 finished with value: 0.8158278341376932 and parameters: {'learning_rate': 0.03920673972242137, 'max_iter': 1221, 'max_leaf_nodes': 18, 'min_samples_leaf': 33, 'l2_regularization': 0.23423849847112907, 'max_bins': 72}. Best is trial 1 with value: 0.8279588955645294.
[I 2026-09-24 12:49:33,688] Trial 5 finished with value: 0.8256049115204044 and parameters: {'learning_rate': 0.061721159481070736, 'max_iter': 421, 'max_leaf_nodes': 10, 'min_samples_leaf': 58, 'l2_regularization': 7.2866537374910445, 'max_bins': 219}. Best is trial 1 with value: 0.8279588955645294.
[I 2026-09-24 12:49:36,302] Trial 6 finished with value: 0.8293640631668802 and parameters: {'learning_rate': 0.0249064396938244, 'max_iter': 327, 'max_leaf_nodes': 46, 'min_samples_leaf': 29, 'l2_regularization': 0.003077180271250686, 'max_bins': 159}. Best is trial 6 with value: 0.8293640631668802.
[I 2026-09-24 12:49:43,794] Trial 7 finished with value: 0.8246790767917527 and parameters: {'learning_rate': 0.011085122517311707, 'max_iter': 1383, 'max_leaf_nodes': 21, 'min_samples_leaf': 42, 'l2_regularization': 0.017654048052495083, 'max_bins': 163}. Best is trial 6 with value: 0.8293640631668802.
[I 2026-09-24 12:49:46,105] Trial 8 finished with value: 0.826550444860304 and parameters: {'learning_rate': 0.05143828405076928, 'max_iter': 440, 'max_leaf_nodes': 62, 'min_samples_leaf': 48, 'l2_regularization': 5.727904470799623, 'max_bins': 235}. Best is trial 6 with value: 0.8293640631668802.
[I 2026-09-24 12:49:54,883] Trial 9 finished with value: 0.798069536097705 and parameters: {'learning_rate': 0.059963338824126605, 'max_iter': 1399, 'max_leaf_nodes': 12, 'min_samples_leaf': 15, 'l2_regularization': 0.0015167330688076208, 'max_bins': 126}. Best is trial 6 with value: 0.8293640631668802.
[I 2026-09-24 12:49:56,626] Trial 10 finished with value: 0.8260776781903544 and parameters: {'learning_rate': 0.021207821084080435, 'max_iter': 287, 'max_leaf_nodes': 29, 'min_samples_leaf': 45, 'l2_regularization': 0.0022005886460738895, 'max_bins': 130}. Best is trial 6 with value: 0.8293640631668802.
[I 2026-09-24 12:50:04,629] Trial 11 finished with value: 0.827518959913326 and parameters: {'learning_rate': 0.01970058711812298, 'max_iter': 1379, 'max_leaf_nodes': 48, 'min_samples_leaf': 39, 'l2_regularization': 0.0010157353994061347, 'max_bins': 248}. Best is trial 6 with value: 0.8293640631668802.
[I 2026-09-24 12:50:09,364] Trial 12 finished with value: 0.8289109951081781 and parameters: {'learning_rate': 0.021141799337089647, 'max_iter': 607, 'max_leaf_nodes': 37, 'min_samples_leaf': 28, 'l2_regularization': 0.0015410556278839737, 'max_bins': 188}. Best is trial 6 with value: 0.8293640631668802.
[I 2026-09-24 12:50:12,991] Trial 13 finished with value: 0.8195574378672971 and parameters: {'learning_rate': 0.0389783952764357, 'max_iter': 426, 'max_leaf_nodes': 44, 'min_samples_leaf': 26, 'l2_regularization': 0.02000885652680976, 'max_bins': 183}. Best is trial 6 with value: 0.8293640631668802.
[I 2026-09-24 12:50:16,401] Trial 14 finished with value: 0.8312354312354311 and parameters: {'learning_rate': 0.01873543223171371, 'max_iter': 508, 'max_leaf_nodes': 46, 'min_samples_leaf': 35, 'l2_regularization': 0.0018675879840826404, 'max_bins': 183}. Best is trial 14 with value: 0.8312354312354311.
[12:50:20]   outer fold 4: 0.8483
[I 2026-09-24 12:50:20,814] A new study created in memory with name: no-name-8c67b148-4d41-4ac9-babd-63952eb6ae62
[I 2026-09-24 12:50:29,163] Trial 0 finished with value: 0.8122426868905743 and parameters: {'learning_rate': 0.030710573677773714, 'max_iter': 1436, 'max_leaf_nodes': 48, 'min_samples_leaf': 38, 'l2_regularization': 0.004207988669606638, 'max_bins': 93}. Best is trial 0 with value: 0.8122426868905743.
[I 2026-09-24 12:50:36,189] Trial 1 finished with value: 0.826268098099084 and parameters: {'learning_rate': 0.011900590783184251, 'max_iter': 1326, 'max_leaf_nodes': 41, 'min_samples_leaf': 44, 'l2_regularization': 0.0012087541473056963, 'max_bins': 250}. Best is trial 1 with value: 0.826268098099084.
[I 2026-09-24 12:50:40,380] Trial 2 finished with value: 0.8033586132177681 and parameters: {'learning_rate': 0.12106896936002161, 'max_iter': 476, 'max_leaf_nodes': 17, 'min_samples_leaf': 15, 'l2_regularization': 0.016480446427978974, 'max_bins': 164}. Best is trial 1 with value: 0.826268098099084.
[I 2026-09-24 12:50:49,155] Trial 3 finished with value: 0.7982041432745659 and parameters: {'learning_rate': 0.03647316284911211, 'max_iter': 578, 'max_leaf_nodes': 41, 'min_samples_leaf': 12, 'l2_regularization': 0.01474275315991467, 'max_bins': 134}. Best is trial 1 with value: 0.826268098099084.
[I 2026-09-24 12:50:57,063] Trial 4 finished with value: 0.8099116845595719 and parameters: {'learning_rate': 0.03920673972242137, 'max_iter': 1221, 'max_leaf_nodes': 18, 'min_samples_leaf': 33, 'l2_regularization': 0.23423849847112907, 'max_bins': 72}. Best is trial 1 with value: 0.826268098099084.
[I 2026-09-24 12:50:59,046] Trial 5 finished with value: 0.826268098099084 and parameters: {'learning_rate': 0.061721159481070736, 'max_iter': 421, 'max_leaf_nodes': 10, 'min_samples_leaf': 58, 'l2_regularization': 7.2866537374910445, 'max_bins': 219}. Best is trial 1 with value: 0.826268098099084.
[I 2026-09-24 12:51:01,690] Trial 6 finished with value: 0.8211464591746281 and parameters: {'learning_rate': 0.0249064396938244, 'max_iter': 327, 'max_leaf_nodes': 46, 'min_samples_leaf': 29, 'l2_regularization': 0.003077180271250686, 'max_bins': 159}. Best is trial 1 with value: 0.826268098099084.
[I 2026-09-24 12:51:09,212] Trial 7 finished with value: 0.8276831150070588 and parameters: {'learning_rate': 0.011085122517311707, 'max_iter': 1383, 'max_leaf_nodes': 21, 'min_samples_leaf': 42, 'l2_regularization': 0.017654048052495083, 'max_bins': 163}. Best is trial 7 with value: 0.8276831150070588.
[I 2026-09-24 12:51:11,541] Trial 8 finished with value: 0.8253324140648084 and parameters: {'learning_rate': 0.05143828405076928, 'max_iter': 440, 'max_leaf_nodes': 62, 'min_samples_leaf': 48, 'l2_regularization': 5.727904470799623, 'max_bins': 235}. Best is trial 7 with value: 0.8276831150070588.
[I 2026-09-24 12:51:20,331] Trial 9 finished with value: 0.7968022587740896 and parameters: {'learning_rate': 0.059963338824126605, 'max_iter': 1399, 'max_leaf_nodes': 12, 'min_samples_leaf': 15, 'l2_regularization': 0.0015167330688076208, 'max_bins': 126}. Best is trial 7 with value: 0.8276831150070588.
[I 2026-09-24 12:51:26,254] Trial 10 finished with value: 0.8206408614859321 and parameters: {'learning_rate': 0.01325811418704915, 'max_iter': 1373, 'max_leaf_nodes': 7, 'min_samples_leaf': 13, 'l2_regularization': 0.001898216490282297, 'max_bins': 228}. Best is trial 7 with value: 0.8276831150070588.
[I 2026-09-24 12:51:34,521] Trial 11 finished with value: 0.8216028103352048 and parameters: {'learning_rate': 0.01970058711812298, 'max_iter': 1431, 'max_leaf_nodes': 48, 'min_samples_leaf': 39, 'l2_regularization': 0.0010181594736407551, 'max_bins': 248}. Best is trial 7 with value: 0.8276831150070588.
[I 2026-09-24 12:51:41,236] Trial 12 finished with value: 0.8304967333136347 and parameters: {'learning_rate': 0.014335368381422998, 'max_iter': 1153, 'max_leaf_nodes': 18, 'min_samples_leaf': 39, 'l2_regularization': 0.0023854959729381875, 'max_bins': 189}. Best is trial 12 with value: 0.8304967333136347.
[I 2026-09-24 12:51:51,245] Trial 13 finished with value: 0.8164581896976265 and parameters: {'learning_rate': 0.01600013954432555, 'max_iter': 1457, 'max_leaf_nodes': 20, 'min_samples_leaf': 31, 'l2_regularization': 0.060883595867095686, 'max_bins': 179}. Best is trial 12 with value: 0.8304967333136347.
[I 2026-09-24 12:51:57,612] Trial 14 finished with value: 0.8262812305065825 and parameters: {'learning_rate': 0.019500125184459417, 'max_iter': 1156, 'max_leaf_nodes': 22, 'min_samples_leaf': 42, 'l2_regularization': 0.0206539939249867, 'max_bins': 230}. Best is trial 12 with value: 0.8304967333136347.
[12:52:03]   outer fold 5: 0.8380
[I 2026-09-24 12:52:03,352] A new study created in memory with name: no-name-666ef394-232a-49e0-8485-68ace65adef9
[I 2026-09-24 12:52:11,766] Trial 0 finished with value: 0.7952329360780065 and parameters: {'learning_rate': 0.030710573677773714, 'max_iter': 1436, 'max_leaf_nodes': 48, 'min_samples_leaf': 38, 'l2_regularization': 0.004207988669606638, 'max_bins': 93}. Best is trial 0 with value: 0.7952329360780065.
[I 2026-09-24 12:52:18,804] Trial 1 finished with value: 0.8130339144423652 and parameters: {'learning_rate': 0.011900590783184251, 'max_iter': 1326, 'max_leaf_nodes': 41, 'min_samples_leaf': 44, 'l2_regularization': 0.0012087541473056963, 'max_bins': 250}. Best is trial 1 with value: 0.8130339144423652.
[I 2026-09-24 12:52:22,964] Trial 2 finished with value: 0.776519255392495 and parameters: {'learning_rate': 0.12106896936002161, 'max_iter': 476, 'max_leaf_nodes': 17, 'min_samples_leaf': 15, 'l2_regularization': 0.016480446427978974, 'max_bins': 164}. Best is trial 1 with value: 0.8130339144423652.
[I 2026-09-24 12:52:31,779] Trial 3 finished with value: 0.7905512328047538 and parameters: {'learning_rate': 0.03647316284911211, 'max_iter': 578, 'max_leaf_nodes': 41, 'min_samples_leaf': 12, 'l2_regularization': 0.01474275315991467, 'max_bins': 134}. Best is trial 1 with value: 0.8130339144423652.
[I 2026-09-24 12:52:39,673] Trial 4 finished with value: 0.7914967661446534 and parameters: {'learning_rate': 0.03920673972242137, 'max_iter': 1221, 'max_leaf_nodes': 18, 'min_samples_leaf': 33, 'l2_regularization': 0.23423849847112907, 'max_bins': 72}. Best is trial 1 with value: 0.8130339144423652.
[I 2026-09-24 12:52:41,659] Trial 5 finished with value: 0.8195672871729209 and parameters: {'learning_rate': 0.061721159481070736, 'max_iter': 421, 'max_leaf_nodes': 10, 'min_samples_leaf': 58, 'l2_regularization': 7.2866537374910445, 'max_bins': 219}. Best is trial 5 with value: 0.8195672871729209.
[I 2026-09-24 12:52:44,292] Trial 6 finished with value: 0.8162940346038938 and parameters: {'learning_rate': 0.0249064396938244, 'max_iter': 327, 'max_leaf_nodes': 46, 'min_samples_leaf': 29, 'l2_regularization': 0.003077180271250686, 'max_bins': 159}. Best is trial 5 with value: 0.8195672871729209.
[I 2026-09-24 12:52:51,796] Trial 7 finished with value: 0.8139663153747659 and parameters: {'learning_rate': 0.011085122517311707, 'max_iter': 1383, 'max_leaf_nodes': 21, 'min_samples_leaf': 42, 'l2_regularization': 0.017654048052495083, 'max_bins': 163}. Best is trial 5 with value: 0.8195672871729209.
[I 2026-09-24 12:52:54,124] Trial 8 finished with value: 0.8172297186381693 and parameters: {'learning_rate': 0.05143828405076928, 'max_iter': 440, 'max_leaf_nodes': 62, 'min_samples_leaf': 48, 'l2_regularization': 5.727904470799623, 'max_bins': 235}. Best is trial 5 with value: 0.8195672871729209.
[I 2026-09-24 12:53:02,890] Trial 9 finished with value: 0.7769953051643192 and parameters: {'learning_rate': 0.059963338824126605, 'max_iter': 1399, 'max_leaf_nodes': 12, 'min_samples_leaf': 15, 'l2_regularization': 0.0015167330688076208, 'max_bins': 126}. Best is trial 5 with value: 0.8195672871729209.
[I 2026-09-24 12:53:05,006] Trial 10 finished with value: 0.8036475261827375 and parameters: {'learning_rate': 0.19166084540609485, 'max_iter': 414, 'max_leaf_nodes': 19, 'min_samples_leaf': 53, 'l2_regularization': 0.6698181386932585, 'max_bins': 181}. Best is trial 5 with value: 0.8195672871729209.
[I 2026-09-24 12:53:08,173] Trial 11 finished with value: 0.8106799303982402 and parameters: {'learning_rate': 0.08031879473491466, 'max_iter': 714, 'max_leaf_nodes': 43, 'min_samples_leaf': 59, 'l2_regularization': 2.7856488040219944, 'max_bins': 252}. Best is trial 5 with value: 0.8195672871729209.
[I 2026-09-24 12:53:11,341] Trial 12 finished with value: 0.81863488624052 and parameters: {'learning_rate': 0.030501300343626424, 'max_iter': 666, 'max_leaf_nodes': 12, 'min_samples_leaf': 53, 'l2_regularization': 2.2170343792525133, 'max_bins': 250}. Best is trial 5 with value: 0.8195672871729209.
