[I 2026-09-24 12:03:30,619] Trial 1 finished with value: 0.8249115979327517 and parameters: {'n_estimators': 293, 'max_depth': 4, 'min_samples_leaf': 2, 'max_features': 0.9063233020424546}. Best is trial 1 with value: 0.8249115979327517.
[I 2026-09-24 12:03:40,755] Trial 2 finished with value: 0.8177996777770803 and parameters: {'n_estimators': 561, 'max_depth': 15, 'min_samples_leaf': 1, 'max_features': 0.978936896513396}. Best is trial 1 with value: 0.8249115979327517.
[I 2026-09-24 12:03:49,247] Trial 3 finished with value: 0.8305191136777352 and parameters: {'n_estimators': 700, 'max_depth': 6, 'min_samples_leaf': 6, 'max_features': 0.4283831568974037}. Best is trial 3 with value: 0.8305191136777352.
[I 2026-09-24 12:03:54,061] Trial 4 finished with value: 0.825656476889921 and parameters: {'n_estimators': 382, 'max_depth': 11, 'min_samples_leaf': 13, 'max_features': 0.5038603981386294}. Best is trial 3 with value: 0.8305191136777352.
[I 2026-09-24 12:04:00,818] Trial 5 finished with value: 0.8249074132195091 and parameters: {'n_estimators': 567, 'max_depth': 4, 'min_samples_leaf': 9, 'max_features': 0.5564532903055841}. Best is trial 3 with value: 0.8305191136777352.
[I 2026-09-24 12:04:07,595] Trial 6 finished with value: 0.8278952984746719 and parameters: {'n_estimators': 474, 'max_depth': 16, 'min_samples_leaf': 6, 'max_features': 0.6599641068895281}. Best is trial 3 with value: 0.8305191136777352.
[I 2026-09-24 12:04:13,356] Trial 7 finished with value: 0.7912393028267737 and parameters: {'n_estimators': 556, 'max_depth': 2, 'min_samples_leaf': 19, 'max_features': 0.41936688658110405}. Best is trial 3 with value: 0.8305191136777352.
[I 2026-09-24 12:04:16,525] Trial 8 finished with value: 0.8013495700207144 and parameters: {'n_estimators': 239, 'max_depth': 20, 'min_samples_leaf': 29, 'max_features': 0.8658781436815228}. Best is trial 3 with value: 0.8305191136777352.
[I 2026-09-24 12:04:20,948] Trial 9 finished with value: 0.8170443370368045 and parameters: {'n_estimators': 383, 'max_depth': 3, 'min_samples_leaf': 21, 'max_features': 0.6081067456177209}. Best is trial 3 with value: 0.8305191136777352.
[I 2026-09-24 12:04:30,618] Trial 10 finished with value: 0.8092021844203126 and parameters: {'n_estimators': 743, 'max_depth': 7, 'min_samples_leaf': 22, 'max_features': 0.8020799862458585}. Best is trial 3 with value: 0.8305191136777352.
[I 2026-09-24 12:04:39,379] Trial 11 finished with value: 0.8301445818425296 and parameters: {'n_estimators': 741, 'max_depth': 9, 'min_samples_leaf': 6, 'max_features': 0.30782750119478897}. Best is trial 3 with value: 0.8305191136777352.
[I 2026-09-24 12:04:48,208] Trial 12 finished with value: 0.8282761073797417 and parameters: {'n_estimators': 694, 'max_depth': 10, 'min_samples_leaf': 1, 'max_features': 0.3178284836307153}. Best is trial 3 with value: 0.8305191136777352.
[I 2026-09-24 12:04:57,814] Trial 13 finished with value: 0.8252819450547153 and parameters: {'n_estimators': 790, 'max_depth': 10, 'min_samples_leaf': 13, 'max_features': 0.47782918736136315}. Best is trial 3 with value: 0.8305191136777352.
[I 2026-09-24 12:05:04,176] Trial 14 finished with value: 0.8260226392986423 and parameters: {'n_estimators': 545, 'max_depth': 11, 'min_samples_leaf': 9, 'max_features': 0.3128083047342386}. Best is trial 3 with value: 0.8305191136777352.
[I 2026-09-24 12:05:12,145] Trial 15 finished with value: 0.8263908940639844 and parameters: {'n_estimators': 747, 'max_depth': 3, 'min_samples_leaf': 8, 'max_features': 0.37255157115398396}. Best is trial 3 with value: 0.8305191136777352.
[I 2026-09-24 12:05:21,021] Trial 16 finished with value: 0.8286485468583266 and parameters: {'n_estimators': 708, 'max_depth': 15, 'min_samples_leaf': 8, 'max_features': 0.4463626484480271}. Best is trial 3 with value: 0.8305191136777352.
[I 2026-09-24 12:05:27,635] Trial 17 finished with value: 0.82378172535727 and parameters: {'n_estimators': 575, 'max_depth': 11, 'min_samples_leaf': 16, 'max_features': 0.36773757104824434}. Best is trial 3 with value: 0.8305191136777352.
[I 2026-09-24 12:05:35,134] Trial 18 finished with value: 0.8256501998200574 and parameters: {'n_estimators': 651, 'max_depth': 7, 'min_samples_leaf': 9, 'max_features': 0.3412196793901025}. Best is trial 3 with value: 0.8305191136777352.
[I 2026-09-24 12:05:45,087] Trial 19 finished with value: 0.8301445818425293 and parameters: {'n_estimators': 779, 'max_depth': 7, 'min_samples_leaf': 3, 'max_features': 0.47808381603377853}. Best is trial 3 with value: 0.8305191136777352.
[I 2026-09-24 12:05:54,380] Trial 20 finished with value: 0.8342539702466888 and parameters: {'n_estimators': 693, 'max_depth': 11, 'min_samples_leaf': 3, 'max_features': 0.4727727166188528}. Best is trial 20 with value: 0.8342539702466888.
[I 2026-09-24 12:06:02,984] Trial 21 finished with value: 0.8308936455129412 and parameters: {'n_estimators': 667, 'max_depth': 11, 'min_samples_leaf': 8, 'max_features': 0.5092999827586205}. Best is trial 20 with value: 0.8342539702466888.
[I 2026-09-24 12:06:13,855] Trial 22 finished with value: 0.8350072186303433 and parameters: {'n_estimators': 760, 'max_depth': 13, 'min_samples_leaf': 3, 'max_features': 0.5980660648541775}. Best is trial 22 with value: 0.8350072186303433.
[I 2026-09-24 12:06:24,354] Trial 23 finished with value: 0.8271504195175025 and parameters: {'n_estimators': 763, 'max_depth': 11, 'min_samples_leaf': 8, 'max_features': 0.6689759252846348}. Best is trial 22 with value: 0.8350072186303433.
[I 2026-09-24 12:06:34,768] Trial 24 finished with value: 0.8346243173686524 and parameters: {'n_estimators': 696, 'max_depth': 10, 'min_samples_leaf': 1, 'max_features': 0.6408684725763671}. Best is trial 22 with value: 0.8350072186303433.
[I 2026-09-24 12:06:44,124] Trial 25 finished with value: 0.8308873684430775 and parameters: {'n_estimators': 688, 'max_depth': 8, 'min_samples_leaf': 3, 'max_features': 0.5697163428756657}. Best is trial 22 with value: 0.8350072186303433.
[I 2026-09-24 12:06:55,590] Trial 26 finished with value: 0.8211579101542067 and parameters: {'n_estimators': 725, 'max_depth': 16, 'min_samples_leaf': 1, 'max_features': 0.6842722080582007}. Best is trial 22 with value: 0.8350072186303433.
[I 2026-09-24 12:07:04,985] Trial 27 finished with value: 0.8249053208628879 and parameters: {'n_estimators': 724, 'max_depth': 13, 'min_samples_leaf': 11, 'max_features': 0.5992304190253364}. Best is trial 22 with value: 0.8350072186303433.
[I 2026-09-24 12:07:15,611] Trial 28 finished with value: 0.8237817253572698 and parameters: {'n_estimators': 729, 'max_depth': 13, 'min_samples_leaf': 1, 'max_features': 0.5217715021461826}. Best is trial 22 with value: 0.8350072186303433.
[I 2026-09-24 12:07:22,746] Trial 29 finished with value: 0.8312619002782835 and parameters: {'n_estimators': 561, 'max_depth': 10, 'min_samples_leaf': 6, 'max_features': 0.44622600756294306}. Best is trial 22 with value: 0.8350072186303433.
[I 2026-09-24 12:07:32,748] Trial 30 finished with value: 0.8338836231247255 and parameters: {'n_estimators': 786, 'max_depth': 16, 'min_samples_leaf': 3, 'max_features': 0.3747560281681473}. Best is trial 22 with value: 0.8350072186303433.
[I 2026-09-24 12:07:42,813] Trial 31 finished with value: 0.8331345594543136 and parameters: {'n_estimators': 796, 'max_depth': 15, 'min_samples_leaf': 3, 'max_features': 0.35704362649545857}. Best is trial 22 with value: 0.8350072186303433.
[I 2026-09-24 12:07:54,035] Trial 32 finished with value: 0.8327579352624862 and parameters: {'n_estimators': 799, 'max_depth': 14, 'min_samples_leaf': 4, 'max_features': 0.5971042777711533}. Best is trial 22 with value: 0.8350072186303433.
[I 2026-09-24 12:08:02,409] Trial 33 finished with value: 0.8342560626033102 and parameters: {'n_estimators': 605, 'max_depth': 14, 'min_samples_leaf': 2, 'max_features': 0.47931173227407753}. Best is trial 22 with value: 0.8350072186303433.
[I 2026-09-24 12:08:11,208] Trial 34 finished with value: 0.8320109639486956 and parameters: {'n_estimators': 625, 'max_depth': 14, 'min_samples_leaf': 4, 'max_features': 0.5885342666424344}. Best is trial 22 with value: 0.8350072186303433.
[I 2026-09-24 12:08:19,934] Trial 35 finished with value: 0.83051074425125 and parameters: {'n_estimators': 645, 'max_depth': 13, 'min_samples_leaf': 4, 'max_features': 0.5061912632592889}. Best is trial 22 with value: 0.8350072186303433.
[I 2026-09-24 12:08:29,547] Trial 36 finished with value: 0.8342602473165527 and parameters: {'n_estimators': 654, 'max_depth': 8, 'min_samples_leaf': 2, 'max_features': 0.7110470969575028}. Best is trial 22 with value: 0.8350072186303433.
[I 2026-09-24 12:08:37,531] Trial 37 finished with value: 0.8308915531563199 and parameters: {'n_estimators': 626, 'max_depth': 14, 'min_samples_leaf': 2, 'max_features': 0.3444838231711077}. Best is trial 22 with value: 0.8350072186303433.
[I 2026-09-24 12:08:47,365] Trial 38 finished with value: 0.8301403971292867 and parameters: {'n_estimators': 694, 'max_depth': 7, 'min_samples_leaf': 5, 'max_features': 0.756025644207909}. Best is trial 22 with value: 0.8350072186303433.
[I 2026-09-24 12:08:55,347] Trial 39 finished with value: 0.8353754733956856 and parameters: {'n_estimators': 598, 'max_depth': 17, 'min_samples_leaf': 3, 'max_features': 0.44002922339754275}. Best is trial 39 with value: 0.8353754733956856.
[12:08:55] HPO best screen: HGB 0.8399 {'learning_rate': 0.010997762719171113, 'max_iter': 449, 'max_leaf_nodes': 45, 'min_samples_leaf': 26, 'l2_regularization': 0.00456196198092529, 'max_bins': 193} | RF 0.8354 {'n_estimators': 598, 'max_depth': 17, 'min_samples_leaf': 3, 'max_features': 0.44002922339754275}
[12:09:23] FRESH 50-fold hgb: untuned 0.8176 tuned 0.8336 diff=+0.0159 p=0.0000 -> ACCEPT
[12:09:59] FRESH 50-fold rf: untuned 0.8085 tuned 0.8310 diff=+0.0224 p=0.0000 -> ACCEPT
[12:13:45] champion with tuned HGB/RF: 0.8337 (50 folds)
[12:13:45]   gate: diff=-0.0028 t=-1.51 p=0.1369 -> reject
[12:18:17] Champion with shipped CHAMPION_TUNED params (reference, expect ~0.8370): 0.8370 (50 folds)
[12:18:17] TASK 7 done.
[12:18:17] TASK 8: seed averaging (5 seeds, staged: 25-fold screen -> 50-fold confirm)
[12:20:11] Champion refresh (25-fold): 0.8332
[12:26:58]   seed-avg x5 rf: 0.8334 (25-fold) diff=+0.0002 p=0.664
[12:26:58]   seed-avg rf rejected at screen
[12:31:24]   seed-avg x5 hgb: 0.8332 (25-fold) diff=+0.0000 p=nan
[12:31:24]   seed-avg hgb rejected at screen
[12:31:24] TASK 8 done.
[12:31:24] TASK 9: ticket group features
[12:35:33] +TicketGroupSize, TicketPrefix: 0.8334 (50 folds)
[12:35:33]   gate: diff=-0.0030 t=-1.69 p=0.0977 -> reject
[12:35:33] TASK 9 done.
[12:35:33] TASK 10: fare per person
[12:35:33]   skipped: requires TicketGroupSize (task 9 rejected)
[12:35:33] TASK 10 done.
[12:35:33] TASK 11: IterativeImputer for numerics
[12:39:21] iterative imputation: 0.8345 (50 folds)
[12:39:21]   gate: diff=-0.0020 t=-0.96 p=0.3422 -> reject
[12:39:21] TASK 11 done.
[12:39:21] TASK 12: target encoding of TicketPrefix
[12:39:21]   skipped: ticket features not in champion
[12:39:21] TASK 12 done.
[12:39:21] TASK 13: hygiene (Fare<=0 -> NaN)
[12:43:08] hygiene fares: 0.8343 (50 folds)
[12:43:08]   gate: diff=-0.0021 t=-1.20 p=0.2374 -> reject
[12:43:08] TASK 13 done.
[12:43:08] TASK 14: nested CV with inner HPO (15 trials, seeded sampler)
[I 2026-09-24 12:43:08,118] A new study created in memory with name: no-name-0588ec95-c5bf-4f48-98cc-adf401e42339
[I 2026-09-24 12:43:16,563] Trial 0 finished with value: 0.7930693719426113 and parameters: {'learning_rate': 0.030710573677773714, 'max_iter': 1436, 'max_leaf_nodes': 48, 'min_samples_leaf': 38, 'l2_regularization': 0.004207988669606638, 'max_bins': 93}. Best is trial 0 with value: 0.7930693719426113.
[I 2026-09-24 12:43:23,624] Trial 1 finished with value: 0.8141271873666241 and parameters: {'learning_rate': 0.011900590783184251, 'max_iter': 1326, 'max_leaf_nodes': 41, 'min_samples_leaf': 44, 'l2_regularization': 0.0012087541473056963, 'max_bins': 250}. Best is trial 1 with value: 0.8141271873666241.
[I 2026-09-24 12:43:27,818] Trial 2 finished with value: 0.7752683935782527 and parameters: {'learning_rate': 0.12106896936002161, 'max_iter': 476, 'max_leaf_nodes': 17, 'min_samples_leaf': 15, 'l2_regularization': 0.016480446427978974, 'max_bins': 164}. Best is trial 1 with value: 0.8141271873666241.
[I 2026-09-24 12:43:36,605] Trial 3 finished with value: 0.7851176992022062 and parameters: {'learning_rate': 0.03647316284911211, 'max_iter': 578, 'max_leaf_nodes': 41, 'min_samples_leaf': 12, 'l2_regularization': 0.01474275315991467, 'max_bins': 134}. Best is trial 1 with value: 0.8141271873666241.
[I 2026-09-24 12:43:44,468] Trial 4 finished with value: 0.7911881545684362 and parameters: {'learning_rate': 0.03920673972242137, 'max_iter': 1221, 'max_leaf_nodes': 18, 'min_samples_leaf': 33, 'l2_regularization': 0.23423849847112907, 'max_bins': 72}. Best is trial 1 with value: 0.8141271873666241.
[I 2026-09-24 12:43:46,536] Trial 5 finished with value: 0.8112840211431761 and parameters: {'learning_rate': 0.061721159481070736, 'max_iter': 421, 'max_leaf_nodes': 10, 'min_samples_leaf': 58, 'l2_regularization': 7.2866537374910445, 'max_bins': 219}. Best is trial 1 with value: 0.8141271873666241.
[I 2026-09-24 12:43:49,287] Trial 6 finished with value: 0.8061787977280936 and parameters: {'learning_rate': 0.0249064396938244, 'max_iter': 327, 'max_leaf_nodes': 46, 'min_samples_leaf': 29, 'l2_regularization': 0.003077180271250686, 'max_bins': 159}. Best is trial 1 with value: 0.8141271873666241.
[I 2026-09-24 12:43:57,061] Trial 7 finished with value: 0.8178699235037264 and parameters: {'learning_rate': 0.011085122517311707, 'max_iter': 1383, 'max_leaf_nodes': 21, 'min_samples_leaf': 42, 'l2_regularization': 0.017654048052495083, 'max_bins': 163}. Best is trial 7 with value: 0.8178699235037264.
[I 2026-09-24 12:43:59,390] Trial 8 finished with value: 0.8089563019140484 and parameters: {'learning_rate': 0.05143828405076928, 'max_iter': 440, 'max_leaf_nodes': 62, 'min_samples_leaf': 48, 'l2_regularization': 5.727904470799623, 'max_bins': 235}. Best is trial 7 with value: 0.8178699235037264.
[I 2026-09-24 12:44:08,186] Trial 9 finished with value: 0.7757444433500772 and parameters: {'learning_rate': 0.059963338824126605, 'max_iter': 1399, 'max_leaf_nodes': 12, 'min_samples_leaf': 15, 'l2_regularization': 0.0015167330688076208, 'max_bins': 126}. Best is trial 7 with value: 0.8178699235037264.
[I 2026-09-24 12:44:14,267] Trial 10 finished with value: 0.8178666404018516 and parameters: {'learning_rate': 0.01325811418704915, 'max_iter': 1373, 'max_leaf_nodes': 7, 'min_samples_leaf': 13, 'l2_regularization': 0.001898216490282297, 'max_bins': 228}. Best is trial 7 with value: 0.8178699235037264.
[I 2026-09-24 12:44:22,182] Trial 11 finished with value: 0.8113234183656719 and parameters: {'learning_rate': 0.013535101345833488, 'max_iter': 1452, 'max_leaf_nodes': 10, 'min_samples_leaf': 36, 'l2_regularization': 0.00135388457433021, 'max_bins': 239}. Best is trial 7 with value: 0.8178699235037264.
[I 2026-09-24 12:44:28,397] Trial 12 finished with value: 0.8150563051971502 and parameters: {'learning_rate': 0.014012141817956042, 'max_iter': 1186, 'max_leaf_nodes': 10, 'min_samples_leaf': 45, 'l2_regularization': 0.0027898831613591447, 'max_bins': 140}. Best is trial 7 with value: 0.8178699235037264.
[I 2026-09-24 12:44:35,813] Trial 13 finished with value: 0.8000787944449919 and parameters: {'learning_rate': 0.015376047313183894, 'max_iter': 1076, 'max_leaf_nodes': 13, 'min_samples_leaf': 11, 'l2_regularization': 0.0035829045473472496, 'max_bins': 181}. Best is trial 7 with value: 0.8178699235037264.
[I 2026-09-24 12:44:46,965] Trial 14 finished with value: 0.7935355724088119 and parameters: {'learning_rate': 0.0192802648313474, 'max_iter': 1251, 'max_leaf_nodes': 23, 'min_samples_leaf': 23, 'l2_regularization': 0.013827785072813873, 'max_bins': 204}. Best is trial 7 with value: 0.8178699235037264.
[12:44:52]   outer fold 0: 0.8603
[I 2026-09-24 12:44:52,999] A new study created in memory with name: no-name-8cacc1f8-fdf5-4f59-87f9-bff45dd25c52
[I 2026-09-24 12:45:01,331] Trial 0 finished with value: 0.815850815850816 and parameters: {'learning_rate': 0.030710573677773714, 'max_iter': 1436, 'max_leaf_nodes': 48, 'min_samples_leaf': 38, 'l2_regularization': 0.004207988669606638, 'max_bins': 93}. Best is trial 0 with value: 0.815850815850816.
[I 2026-09-24 12:45:08,319] Trial 1 finished with value: 0.8317213303128796 and parameters: {'learning_rate': 0.011900590783184251, 'max_iter': 1326, 'max_leaf_nodes': 41, 'min_samples_leaf': 44, 'l2_regularization': 0.0012087541473056963, 'max_bins': 250}. Best is trial 1 with value: 0.8317213303128796.
[I 2026-09-24 12:45:12,483] Trial 2 finished with value: 0.7971174365540564 and parameters: {'learning_rate': 0.12106896936002161, 'max_iter': 476, 'max_leaf_nodes': 17, 'min_samples_leaf': 15, 'l2_regularization': 0.016480446427978974, 'max_bins': 164}. Best is trial 1 with value: 0.8317213303128796.
[I 2026-09-24 12:45:21,195] Trial 3 finished with value: 0.806464427591188 and parameters: {'learning_rate': 0.03647316284911211, 'max_iter': 578, 'max_leaf_nodes': 41, 'min_samples_leaf': 12, 'l2_regularization': 0.01474275315991467, 'max_bins': 134}. Best is trial 1 with value: 0.8317213303128796.
[I 2026-09-24 12:45:29,025] Trial 4 finished with value: 0.8111658294756887 and parameters: {'learning_rate': 0.03920673972242137, 'max_iter': 1221, 'max_leaf_nodes': 18, 'min_samples_leaf': 33, 'l2_regularization': 0.23423849847112907, 'max_bins': 72}. Best is trial 1 with value: 0.8317213303128796.
[I 2026-09-24 12:45:31,016] Trial 5 finished with value: 0.832197380084704 and parameters: {'learning_rate': 0.061721159481070736, 'max_iter': 421, 'max_leaf_nodes': 10, 'min_samples_leaf': 58, 'l2_regularization': 7.2866537374910445, 'max_bins': 219}. Best is trial 5 with value: 0.832197380084704.
[I 2026-09-24 12:45:33,642] Trial 6 finished with value: 0.8331363472208543 and parameters: {'learning_rate': 0.0249064396938244, 'max_iter': 327, 'max_leaf_nodes': 46, 'min_samples_leaf': 29, 'l2_regularization': 0.003077180271250686, 'max_bins': 159}. Best is trial 6 with value: 0.8331363472208543.
[I 2026-09-24 12:45:41,108] Trial 7 finished with value: 0.8340753143570045 and parameters: {'learning_rate': 0.011085122517311707, 'max_iter': 1383, 'max_leaf_nodes': 21, 'min_samples_leaf': 42, 'l2_regularization': 0.017654048052495083, 'max_bins': 163}. Best is trial 7 with value: 0.8340753143570045.
[I 2026-09-24 12:45:43,393] Trial 8 finished with value: 0.8284546439476017 and parameters: {'learning_rate': 0.05143828405076928, 'max_iter': 440, 'max_leaf_nodes': 62, 'min_samples_leaf': 48, 'l2_regularization': 5.727904470799623, 'max_bins': 235}. Best is trial 7 with value: 0.8340753143570045.
[I 2026-09-24 12:45:52,191] Trial 9 finished with value: 0.7942939689418561 and parameters: {'learning_rate': 0.059963338824126605, 'max_iter': 1399, 'max_leaf_nodes': 12, 'min_samples_leaf': 15, 'l2_regularization': 0.0015167330688076208, 'max_bins': 126}. Best is trial 7 with value: 0.8340753143570045.
[I 2026-09-24 12:45:58,064] Trial 10 finished with value: 0.8275189599133262 and parameters: {'learning_rate': 0.01325811418704915, 'max_iter': 1373, 'max_leaf_nodes': 7, 'min_samples_leaf': 13, 'l2_regularization': 0.001898216490282297, 'max_bins': 228}. Best is trial 7 with value: 0.8340753143570045.
[I 2026-09-24 12:46:03,195] Trial 11 finished with value: 0.8326504481434058 and parameters: {'learning_rate': 0.017788907182044764, 'max_iter': 739, 'max_leaf_nodes': 60, 'min_samples_leaf': 32, 'l2_regularization': 0.0037214549618190336, 'max_bins': 186}. Best is trial 7 with value: 0.8340753143570045.
[I 2026-09-24 12:46:05,279] Trial 12 finished with value: 0.8340753143570045 and parameters: {'learning_rate': 0.013740942811384854, 'max_iter': 358, 'max_leaf_nodes': 9, 'min_samples_leaf': 39, 'l2_regularization': 0.01918978327465332, 'max_bins': 141}. Best is trial 7 with value: 0.8340753143570045.
[I 2026-09-24 12:46:06,996] Trial 13 finished with value: 0.8251945237860732 and parameters: {'learning_rate': 0.011529653079497916, 'max_iter': 279, 'max_leaf_nodes': 11, 'min_samples_leaf': 45, 'l2_regularization': 0.018443781255914712, 'max_bins': 99}. Best is trial 7 with value: 0.8340753143570045.
[I 2026-09-24 12:46:14,466] Trial 14 finished with value: 0.8279687448701533 and parameters: {'learning_rate': 0.012650147444693166, 'max_iter': 1188, 'max_leaf_nodes': 20, 'min_samples_leaf': 35, 'l2_regularization': 0.03903099279284429, 'max_bins': 202}. Best is trial 7 with value: 0.8340753143570045.
[12:46:20]   outer fold 1: 0.8258
[I 2026-09-24 12:46:20,619] A new study created in memory with name: no-name-a3729e18-6106-48c6-a3d3-cfa2826d8802
[I 2026-09-24 12:46:29,141] Trial 0 finished with value: 0.8143898355165962 and parameters: {'learning_rate': 0.030710573677773714, 'max_iter': 1436, 'max_leaf_nodes': 48, 'min_samples_leaf': 38, 'l2_regularization': 0.004207988669606638, 'max_bins': 93}. Best is trial 0 with value: 0.8143898355165962.
[I 2026-09-24 12:46:36,298] Trial 1 finished with value: 0.8241964608161791 and parameters: {'learning_rate': 0.011900590783184251, 'max_iter': 1326, 'max_leaf_nodes': 41, 'min_samples_leaf': 44, 'l2_regularization': 0.0012087541473056963, 'max_bins': 250}. Best is trial 1 with value: 0.8241964608161791.
[I 2026-09-24 12:46:40,480] Trial 2 finished with value: 0.8101874651170425 and parameters: {'learning_rate': 0.12106896936002161, 'max_iter': 476, 'max_leaf_nodes': 17, 'min_samples_leaf': 15, 'l2_regularization': 0.016480446427978974, 'max_bins': 164}. Best is trial 1 with value: 0.8241964608161791.
