[I 2026-09-24 12:53:16,274] Trial 13 finished with value: 0.8031780426146623 and parameters: {'learning_rate': 0.052679305345093706, 'max_iter': 927, 'max_leaf_nodes': 15, 'min_samples_leaf': 43, 'l2_regularization': 3.4477068661263393, 'max_bins': 219}. Best is trial 5 with value: 0.8195672871729209.
[I 2026-09-24 12:53:19,216] Trial 14 finished with value: 0.8116221806362651 and parameters: {'learning_rate': 0.029346968378880574, 'max_iter': 684, 'max_leaf_nodes': 10, 'min_samples_leaf': 59, 'l2_regularization': 9.681067094385586, 'max_bins': 188}. Best is trial 5 with value: 0.8195672871729209.
[12:53:23]   outer fold 6: 0.8764
[I 2026-09-24 12:53:23,023] A new study created in memory with name: no-name-dc793ad7-a190-49c9-80bf-136cc1f7da31
[I 2026-09-24 12:53:31,393] Trial 0 finished with value: 0.8223218096457533 and parameters: {'learning_rate': 0.030710573677773714, 'max_iter': 1436, 'max_leaf_nodes': 48, 'min_samples_leaf': 38, 'l2_regularization': 0.004207988669606638, 'max_bins': 93}. Best is trial 0 with value: 0.8223218096457533.
[I 2026-09-24 12:53:38,400] Trial 1 finished with value: 0.8368035720148396 and parameters: {'learning_rate': 0.011900590783184251, 'max_iter': 1326, 'max_leaf_nodes': 41, 'min_samples_leaf': 44, 'l2_regularization': 0.0012087541473056963, 'max_bins': 250}. Best is trial 1 with value: 0.8368035720148396.
[I 2026-09-24 12:53:42,592] Trial 2 finished with value: 0.8087724482090679 and parameters: {'learning_rate': 0.12106896936002161, 'max_iter': 476, 'max_leaf_nodes': 17, 'min_samples_leaf': 15, 'l2_regularization': 0.016480446427978974, 'max_bins': 164}. Best is trial 1 with value: 0.8368035720148396.
[I 2026-09-24 12:53:51,266] Trial 3 finished with value: 0.8120555500837192 and parameters: {'learning_rate': 0.03647316284911211, 'max_iter': 578, 'max_leaf_nodes': 41, 'min_samples_leaf': 12, 'l2_regularization': 0.01474275315991467, 'max_bins': 134}. Best is trial 1 with value: 0.8368035720148396.
[I 2026-09-24 12:53:59,133] Trial 4 finished with value: 0.8172165862306707 and parameters: {'learning_rate': 0.03920673972242137, 'max_iter': 1221, 'max_leaf_nodes': 18, 'min_samples_leaf': 33, 'l2_regularization': 0.23423849847112907, 'max_bins': 72}. Best is trial 1 with value: 0.8368035720148396.
[I 2026-09-24 12:54:01,131] Trial 5 finished with value: 0.8363472208542632 and parameters: {'learning_rate': 0.061721159481070736, 'max_iter': 421, 'max_leaf_nodes': 10, 'min_samples_leaf': 58, 'l2_regularization': 7.2866537374910445, 'max_bins': 219}. Best is trial 1 with value: 0.8368035720148396.
[I 2026-09-24 12:54:03,755] Trial 6 finished with value: 0.829797432614334 and parameters: {'learning_rate': 0.0249064396938244, 'max_iter': 327, 'max_leaf_nodes': 46, 'min_samples_leaf': 29, 'l2_regularization': 0.003077180271250686, 'max_bins': 159}. Best is trial 1 with value: 0.8368035720148396.
[I 2026-09-24 12:54:11,332] Trial 7 finished with value: 0.8330575527758626 and parameters: {'learning_rate': 0.011085122517311707, 'max_iter': 1383, 'max_leaf_nodes': 21, 'min_samples_leaf': 42, 'l2_regularization': 0.017654048052495083, 'max_bins': 163}. Best is trial 1 with value: 0.8368035720148396.
[I 2026-09-24 12:54:13,630] Trial 8 finished with value: 0.8386782231852655 and parameters: {'learning_rate': 0.05143828405076928, 'max_iter': 440, 'max_leaf_nodes': 62, 'min_samples_leaf': 48, 'l2_regularization': 5.727904470799623, 'max_bins': 235}. Best is trial 8 with value: 0.8386782231852655.
[I 2026-09-24 12:54:22,432] Trial 9 finished with value: 0.8041071604451886 and parameters: {'learning_rate': 0.059963338824126605, 'max_iter': 1399, 'max_leaf_nodes': 12, 'min_samples_leaf': 15, 'l2_regularization': 0.0015167330688076208, 'max_bins': 126}. Best is trial 8 with value: 0.8386782231852655.
[I 2026-09-24 12:54:25,105] Trial 10 finished with value: 0.8316589513772612 and parameters: {'learning_rate': 0.0606380605693341, 'max_iter': 562, 'max_leaf_nodes': 55, 'min_samples_leaf': 56, 'l2_regularization': 0.4227921294738324, 'max_bins': 144}. Best is trial 8 with value: 0.8386782231852655.
[I 2026-09-24 12:54:31,414] Trial 11 finished with value: 0.8279556124626547 and parameters: {'learning_rate': 0.02390813517921348, 'max_iter': 1327, 'max_leaf_nodes': 37, 'min_samples_leaf': 51, 'l2_regularization': 0.0028734189911825, 'max_bins': 243}. Best is trial 8 with value: 0.8386782231852655.
[I 2026-09-24 12:54:34,776] Trial 12 finished with value: 0.8279129321382843 and parameters: {'learning_rate': 0.01051748593840311, 'max_iter': 746, 'max_leaf_nodes': 50, 'min_samples_leaf': 54, 'l2_regularization': 3.790743445256302, 'max_bins': 236}. Best is trial 8 with value: 0.8386782231852655.
[I 2026-09-24 12:54:37,269] Trial 13 finished with value: 0.8256081946222792 and parameters: {'learning_rate': 0.09180880654210354, 'max_iter': 428, 'max_leaf_nodes': 55, 'min_samples_leaf': 43, 'l2_regularization': 1.5993012100860127, 'max_bins': 214}. Best is trial 8 with value: 0.8386782231852655.
[I 2026-09-24 12:54:43,752] Trial 14 finished with value: 0.8321481335565842 and parameters: {'learning_rate': 0.019782768808762303, 'max_iter': 1175, 'max_leaf_nodes': 52, 'min_samples_leaf': 42, 'l2_regularization': 0.34585315281148765, 'max_bins': 247}. Best is trial 8 with value: 0.8386782231852655.
[12:54:47]   outer fold 7: 0.8090
[I 2026-09-24 12:54:47,653] A new study created in memory with name: no-name-f7207682-f499-4756-9d28-24489cc85935
[I 2026-09-24 12:54:56,016] Trial 0 finished with value: 0.8138776716241505 and parameters: {'learning_rate': 0.030710573677773714, 'max_iter': 1436, 'max_leaf_nodes': 48, 'min_samples_leaf': 38, 'l2_regularization': 0.004207988669606638, 'max_bins': 93}. Best is trial 0 with value: 0.8138776716241505.
[I 2026-09-24 12:55:03,021] Trial 1 finished with value: 0.823726977248104 and parameters: {'learning_rate': 0.011900590783184251, 'max_iter': 1326, 'max_leaf_nodes': 41, 'min_samples_leaf': 44, 'l2_regularization': 0.0012087541473056963, 'max_bins': 250}. Best is trial 1 with value: 0.823726977248104.
[I 2026-09-24 12:55:07,204] Trial 2 finished with value: 0.8105978528513741 and parameters: {'learning_rate': 0.12106896936002161, 'max_iter': 476, 'max_leaf_nodes': 17, 'min_samples_leaf': 15, 'l2_regularization': 0.016480446427978974, 'max_bins': 164}. Best is trial 1 with value: 0.823726977248104.
[I 2026-09-24 12:55:15,908] Trial 3 finished with value: 0.811077185725073 and parameters: {'learning_rate': 0.03647316284911211, 'max_iter': 578, 'max_leaf_nodes': 41, 'min_samples_leaf': 12, 'l2_regularization': 0.01474275315991467, 'max_bins': 134}. Best is trial 1 with value: 0.823726977248104.
[I 2026-09-24 12:55:23,777] Trial 4 finished with value: 0.8026494632128435 and parameters: {'learning_rate': 0.03920673972242137, 'max_iter': 1221, 'max_leaf_nodes': 18, 'min_samples_leaf': 33, 'l2_regularization': 0.23423849847112907, 'max_bins': 72}. Best is trial 1 with value: 0.823726977248104.
[I 2026-09-24 12:55:25,753] Trial 5 finished with value: 0.8176630880856234 and parameters: {'learning_rate': 0.061721159481070736, 'max_iter': 421, 'max_leaf_nodes': 10, 'min_samples_leaf': 58, 'l2_regularization': 7.2866537374910445, 'max_bins': 219}. Best is trial 1 with value: 0.823726977248104.
[I 2026-09-24 12:55:28,371] Trial 6 finished with value: 0.8298007157162088 and parameters: {'learning_rate': 0.0249064396938244, 'max_iter': 327, 'max_leaf_nodes': 46, 'min_samples_leaf': 29, 'l2_regularization': 0.003077180271250686, 'max_bins': 159}. Best is trial 6 with value: 0.8298007157162088.
[I 2026-09-24 12:55:35,853] Trial 7 finished with value: 0.8288880133950557 and parameters: {'learning_rate': 0.011085122517311707, 'max_iter': 1383, 'max_leaf_nodes': 21, 'min_samples_leaf': 42, 'l2_regularization': 0.017654048052495083, 'max_bins': 163}. Best is trial 6 with value: 0.8298007157162088.
[I 2026-09-24 12:55:38,146] Trial 8 finished with value: 0.8190616894842246 and parameters: {'learning_rate': 0.05143828405076928, 'max_iter': 440, 'max_leaf_nodes': 62, 'min_samples_leaf': 48, 'l2_regularization': 5.727904470799623, 'max_bins': 235}. Best is trial 6 with value: 0.8298007157162088.
[I 2026-09-24 12:55:46,950] Trial 9 finished with value: 0.8082602843166222 and parameters: {'learning_rate': 0.059963338824126605, 'max_iter': 1399, 'max_leaf_nodes': 12, 'min_samples_leaf': 15, 'l2_regularization': 0.0015167330688076208, 'max_bins': 126}. Best is trial 6 with value: 0.8298007157162088.
[I 2026-09-24 12:55:48,706] Trial 10 finished with value: 0.8195246068485506 and parameters: {'learning_rate': 0.021207821084080435, 'max_iter': 287, 'max_leaf_nodes': 29, 'min_samples_leaf': 45, 'l2_regularization': 0.0022005886460738895, 'max_bins': 130}. Best is trial 6 with value: 0.8298007157162088.
[I 2026-09-24 12:55:53,800] Trial 11 finished with value: 0.8269936636133818 and parameters: {'learning_rate': 0.017788907182044764, 'max_iter': 739, 'max_leaf_nodes': 60, 'min_samples_leaf': 32, 'l2_regularization': 0.0037214549618190336, 'max_bins': 186}. Best is trial 6 with value: 0.8298007157162088.
[I 2026-09-24 12:55:58,484] Trial 12 finished with value: 0.8237302603499788 and parameters: {'learning_rate': 0.014720292170747442, 'max_iter': 786, 'max_leaf_nodes': 19, 'min_samples_leaf': 39, 'l2_regularization': 0.0024595597978347293, 'max_bins': 183}. Best is trial 6 with value: 0.8298007157162088.
[I 2026-09-24 12:56:11,648] Trial 13 finished with value: 0.8054597984175449 and parameters: {'learning_rate': 0.025329342432844407, 'max_iter': 1351, 'max_leaf_nodes': 34, 'min_samples_leaf': 20, 'l2_regularization': 0.017416487505379216, 'max_bins': 176}. Best is trial 6 with value: 0.8298007157162088.
[I 2026-09-24 12:56:17,501] Trial 14 finished with value: 0.8246757936898781 and parameters: {'learning_rate': 0.018535111143919463, 'max_iter': 991, 'max_leaf_nodes': 40, 'min_samples_leaf': 39, 'l2_regularization': 0.0645606267375423, 'max_bins': 166}. Best is trial 6 with value: 0.8298007157162088.
[12:56:21]   outer fold 8: 0.8258
[I 2026-09-24 12:56:21,520] A new study created in memory with name: no-name-f0636929-dc67-46dc-81bd-23fb44945fd2
[I 2026-09-24 12:56:29,913] Trial 0 finished with value: 0.8026921435372141 and parameters: {'learning_rate': 0.030710573677773714, 'max_iter': 1436, 'max_leaf_nodes': 48, 'min_samples_leaf': 38, 'l2_regularization': 0.004207988669606638, 'max_bins': 93}. Best is trial 0 with value: 0.8026921435372141.
[I 2026-09-24 12:56:36,913] Trial 1 finished with value: 0.8176204077612529 and parameters: {'learning_rate': 0.011900590783184251, 'max_iter': 1326, 'max_leaf_nodes': 41, 'min_samples_leaf': 44, 'l2_regularization': 0.0012087541473056963, 'max_bins': 250}. Best is trial 1 with value: 0.8176204077612529.
[I 2026-09-24 12:56:41,094] Trial 2 finished with value: 0.7914606520240323 and parameters: {'learning_rate': 0.12106896936002161, 'max_iter': 476, 'max_leaf_nodes': 17, 'min_samples_leaf': 15, 'l2_regularization': 0.016480446427978974, 'max_bins': 164}. Best is trial 1 with value: 0.8176204077612529.
[I 2026-09-24 12:56:49,873] Trial 3 finished with value: 0.7956630224235859 and parameters: {'learning_rate': 0.03647316284911211, 'max_iter': 578, 'max_leaf_nodes': 41, 'min_samples_leaf': 12, 'l2_regularization': 0.01474275315991467, 'max_bins': 134}. Best is trial 1 with value: 0.8176204077612529.
[I 2026-09-24 12:56:57,827] Trial 4 finished with value: 0.7914705013296566 and parameters: {'learning_rate': 0.03920673972242137, 'max_iter': 1221, 'max_leaf_nodes': 18, 'min_samples_leaf': 33, 'l2_regularization': 0.23423849847112907, 'max_bins': 72}. Best is trial 1 with value: 0.8176204077612529.
[I 2026-09-24 12:56:59,824] Trial 5 finished with value: 0.817137791785679 and parameters: {'learning_rate': 0.061721159481070736, 'max_iter': 421, 'max_leaf_nodes': 10, 'min_samples_leaf': 58, 'l2_regularization': 7.2866537374910445, 'max_bins': 219}. Best is trial 1 with value: 0.8176204077612529.
[I 2026-09-24 12:57:02,481] Trial 6 finished with value: 0.8195344561541745 and parameters: {'learning_rate': 0.0249064396938244, 'max_iter': 327, 'max_leaf_nodes': 46, 'min_samples_leaf': 29, 'l2_regularization': 0.003077180271250686, 'max_bins': 159}. Best is trial 6 with value: 0.8195344561541745.
[I 2026-09-24 12:57:10,003] Trial 7 finished with value: 0.8213664270002298 and parameters: {'learning_rate': 0.011085122517311707, 'max_iter': 1383, 'max_leaf_nodes': 21, 'min_samples_leaf': 42, 'l2_regularization': 0.017654048052495083, 'max_bins': 163}. Best is trial 7 with value: 0.8213664270002298.
[I 2026-09-24 12:57:12,292] Trial 8 finished with value: 0.8269838143077578 and parameters: {'learning_rate': 0.05143828405076928, 'max_iter': 440, 'max_leaf_nodes': 62, 'min_samples_leaf': 48, 'l2_regularization': 5.727904470799623, 'max_bins': 235}. Best is trial 8 with value: 0.8269838143077578.
[I 2026-09-24 12:57:21,097] Trial 9 finished with value: 0.7895860008536065 and parameters: {'learning_rate': 0.059963338824126605, 'max_iter': 1399, 'max_leaf_nodes': 12, 'min_samples_leaf': 15, 'l2_regularization': 0.0015167330688076208, 'max_bins': 126}. Best is trial 8 with value: 0.8269838143077578.
[I 2026-09-24 12:57:23,791] Trial 10 finished with value: 0.8162152401589021 and parameters: {'learning_rate': 0.0606380605693341, 'max_iter': 562, 'max_leaf_nodes': 55, 'min_samples_leaf': 56, 'l2_regularization': 0.4227921294738324, 'max_bins': 144}. Best is trial 8 with value: 0.8269838143077578.
[I 2026-09-24 12:57:28,446] Trial 11 finished with value: 0.8054827801306673 and parameters: {'learning_rate': 0.09001139729224722, 'max_iter': 1069, 'max_leaf_nodes': 45, 'min_samples_leaf': 59, 'l2_regularization': 0.7850179404121057, 'max_bins': 250}. Best is trial 8 with value: 0.8269838143077578.
[I 2026-09-24 12:57:30,299] Trial 12 finished with value: 0.8255852129091565 and parameters: {'learning_rate': 0.037578567145802, 'max_iter': 292, 'max_leaf_nodes': 45, 'min_samples_leaf': 38, 'l2_regularization': 5.2352667101196495, 'max_bins': 193}. Best is trial 8 with value: 0.8269838143077578.
[I 2026-09-24 12:57:32,359] Trial 13 finished with value: 0.8213795594077286 and parameters: {'learning_rate': 0.06300601923515317, 'max_iter': 304, 'max_leaf_nodes': 50, 'min_samples_leaf': 35, 'l2_regularization': 4.39250215538468, 'max_bins': 187}. Best is trial 8 with value: 0.8269838143077578.
[I 2026-09-24 12:57:33,933] Trial 14 finished with value: 0.8227518959913326 and parameters: {'learning_rate': 0.05765479992320396, 'max_iter': 295, 'max_leaf_nodes': 62, 'min_samples_leaf': 54, 'l2_regularization': 1.9169518864680637, 'max_bins': 248}. Best is trial 8 with value: 0.8269838143077578.
[12:57:37]   outer fold 9: 0.8596
[12:57:37] NESTED CV: 0.8406 (+/- 0.0073 SEM)
[12:57:37] TASK 14 done.
[12:57:37] FINAL SPEC: {"members": ["rf", "hgb", "lr"], "avg_seeds": {}, "ticket": false, "farepp": false, "imputer": "median", "target_enc": false, "hygiene": false}
[12:57:37] FINAL 50-fold CV: 0.8365 (+/- 0.0035)
[12:57:37] ALL DONE
