[11:30:17] BASELINE: RF 200, unscaled, 5 numeric + 2 categorical (expect ~0.8134)
[11:30:22] Baseline RF (CV): 0.8129 (50 folds)
[11:30:22] TASK 1: engineered feature variants (expect: none significant vs baseline)
[11:30:26] Task 1 base (expect ~0.8134): 0.8127 (50 folds)
[11:30:30] Task 1 title (expect ~0.812): 0.8120 (50 folds)
[11:30:35] Task 1 family (expect ~0.810): 0.8099 (50 folds)
[11:30:39] Task 1 deck (expect ~0.800): 0.8064 (50 folds)
[11:30:44] Task 1 famgroup (expect ~0.810): 0.8116 (50 folds)
[11:30:48] Task 1 hascabin (expect ~0.812): 0.8093 (50 folds)
[11:30:53] Task 1 title_family (expect ~0.803): 0.8076 (50 folds)
[11:30:57] Task 1 title_deck (expect ~0.804): 0.8119 (50 folds)
[11:31:02] Task 1 all (expect ~0.801): 0.8089 (50 folds)
[11:31:02] TASK 1 done.
[11:31:02] TASK 2: group-based Age imputation (expect Title x Pclass ~0.8153 accepted)
[11:31:06] Task 2 by_title (expect ~0.8103): 0.8130 (50 folds)
[11:31:06]   vs baseline: diff=+0.0001 p=0.9570
[11:31:11] Task 2 by_sex_pclass (expect ~0.8139): 0.8139 (50 folds)
[11:31:11]   vs baseline: diff=+0.0010 p=0.6408
[11:31:15] Task 2 by_title_pclass (expect ~0.8153): 0.8135 (50 folds)
[11:31:15]   vs baseline: diff=+0.0006 p=0.8190
[11:31:15] TASK 2 done.
[11:31:15] TASK 3: HistGradientBoosting variants (expect ~0.8184 / 0.8192 / 0.8203)
[11:31:20] Task 3 default_base (expect ~0.8184): 0.8182 (50 folds)
[11:31:25] Task 3 default_full (expect ~0.8192): 0.8193 (50 folds)
[11:31:39] Task 3 tuned_full (expect ~0.8203): 0.8203 (50 folds)
[11:31:39] TASK 3 done.
[11:31:39] TASK 4: soft-voting ensembles (expect ~0.8219 / 0.8210 / 0.8314 / 0.8303)
[11:32:01] Task 4 rf_hgb (expect ~0.8219): 0.8219 (50 folds)
[11:32:22] Task 4 rf_hgb_w12 (expect ~0.8210): 0.8210 (50 folds)
[11:32:45] Task 4 rf_hgb_lr (expect ~0.8314): 0.8314 (50 folds)
[11:33:08] Task 4 rf_hgb_lr_w121 (expect ~0.8303): 0.8303 (50 folds)
[11:33:08] TASK 4 done.
[11:33:08] TASK 5: stacking vs voting (expect ~0.8337 / 0.8365)
[11:35:16] Task 5 no_passthrough (expect ~0.8337): 0.8337 (50 folds)
[11:37:25] Task 5 passthrough (expect ~0.8365): 0.8365 (50 folds)
[11:37:25] TASK 5 done.
[11:37:25] TASKS 6-14: handing off to the gated pipeline
[11:37:25] TASK 6: greedy stack composition (25-fold screen -> 50-fold retest)
[11:39:35] Champion stack RF+HGB+LR (50-fold): 0.8365 (50 folds)
[11:40:39] Champion (25-fold screen): 0.8370
[11:41:53]   +xgb: 0.8388 (25-fold) diff=+0.0018 p=0.247
[11:41:53]   +xgb borderline -> 50-fold retest
[11:44:18] +xgb (retest): 0.8386 (50 folds)
[11:44:18]   gate: diff=+0.0021 t=1.84 p=0.0712 -> reject
[11:47:44]   +cat: 0.8390 (25-fold) diff=+0.0020 p=0.242
[11:47:44]   +cat borderline -> 50-fold retest
[11:52:31] +cat (retest): 0.8388 (50 folds)
[11:52:31]   gate: diff=+0.0024 t=1.74 p=0.0880 -> reject
[11:55:27]   +mlp: 0.8355 (25-fold) diff=-0.0016 p=0.245
[11:55:27]   +mlp rejected at screen
[11:56:36]   +svc: 0.8357 (25-fold) diff=-0.0013 p=0.207
[11:56:36]   +svc rejected at screen
[11:58:00]   +lgbm: 0.8384 (25-fold) diff=+0.0013 p=0.329
[11:58:00]   +lgbm rejected at screen
[11:58:00] TASK 6 done. members=['rf', 'hgb', 'lr']
[11:58:00] TASK 7: Optuna HPO for HGB and RF (screen objective, fresh-CV validation)
[I 2026-09-24 11:58:00,943] A new study created in memory with name: no-name-f0d169a8-a9c1-49ce-b3a5-9312f4bc6fce
[I 2026-09-24 11:58:10,893] Trial 0 finished with value: 0.8125394932312264 and parameters: {'learning_rate': 0.030710573677773714, 'max_iter': 1436, 'max_leaf_nodes': 48, 'min_samples_leaf': 38, 'l2_regularization': 0.004207988669606638, 'max_bins': 93}. Best is trial 0 with value: 0.8125394932312264.
[I 2026-09-24 11:58:19,297] Trial 1 finished with value: 0.833515368359383 and parameters: {'learning_rate': 0.011900590783184251, 'max_iter': 1326, 'max_leaf_nodes': 41, 'min_samples_leaf': 44, 'l2_regularization': 0.0012087541473056963, 'max_bins': 250}. Best is trial 1 with value: 0.833515368359383.
[I 2026-09-24 11:58:23,511] Trial 2 finished with value: 0.8020609712719436 and parameters: {'learning_rate': 0.12106896936002161, 'max_iter': 476, 'max_leaf_nodes': 17, 'min_samples_leaf': 15, 'l2_regularization': 0.016480446427978974, 'max_bins': 164}. Best is trial 1 with value: 0.833515368359383.
[I 2026-09-24 11:58:33,724] Trial 3 finished with value: 0.8058125666938675 and parameters: {'learning_rate': 0.03647316284911211, 'max_iter': 578, 'max_leaf_nodes': 41, 'min_samples_leaf': 12, 'l2_regularization': 0.01474275315991467, 'max_bins': 134}. Best is trial 1 with value: 0.833515368359383.
[I 2026-09-24 11:58:43,089] Trial 4 finished with value: 0.8125478626577114 and parameters: {'learning_rate': 0.03920673972242137, 'max_iter': 1221, 'max_leaf_nodes': 18, 'min_samples_leaf': 33, 'l2_regularization': 0.23423849847112907, 'max_bins': 72}. Best is trial 1 with value: 0.833515368359383.
[I 2026-09-24 11:58:45,394] Trial 5 finished with value: 0.8297700500073233 and parameters: {'learning_rate': 0.061721159481070736, 'max_iter': 421, 'max_leaf_nodes': 10, 'min_samples_leaf': 58, 'l2_regularization': 7.2866537374910445, 'max_bins': 219}. Best is trial 1 with value: 0.833515368359383.
[I 2026-09-24 11:58:48,510] Trial 6 finished with value: 0.8383738204339547 and parameters: {'learning_rate': 0.0249064396938244, 'max_iter': 327, 'max_leaf_nodes': 46, 'min_samples_leaf': 29, 'l2_regularization': 0.003077180271250686, 'max_bins': 159}. Best is trial 6 with value: 0.8383738204339547.
[I 2026-09-24 11:58:57,489] Trial 7 finished with value: 0.8256564768899214 and parameters: {'learning_rate': 0.011085122517311707, 'max_iter': 1383, 'max_leaf_nodes': 21, 'min_samples_leaf': 42, 'l2_regularization': 0.017654048052495083, 'max_bins': 163}. Best is trial 6 with value: 0.8383738204339547.
[I 2026-09-24 11:59:00,224] Trial 8 finished with value: 0.8293976105287385 and parameters: {'learning_rate': 0.05143828405076928, 'max_iter': 440, 'max_leaf_nodes': 62, 'min_samples_leaf': 48, 'l2_regularization': 5.727904470799623, 'max_bins': 235}. Best is trial 6 with value: 0.8383738204339547.
[I 2026-09-24 11:59:09,078] Trial 9 finished with value: 0.8054338501454187 and parameters: {'learning_rate': 0.059963338824126605, 'max_iter': 1399, 'max_leaf_nodes': 12, 'min_samples_leaf': 15, 'l2_regularization': 0.0015167330688076208, 'max_bins': 126}. Best is trial 6 with value: 0.8383738204339547.
[I 2026-09-24 11:59:11,115] Trial 10 finished with value: 0.8275354131358148 and parameters: {'learning_rate': 0.021207821084080435, 'max_iter': 287, 'max_leaf_nodes': 29, 'min_samples_leaf': 45, 'l2_regularization': 0.0022005886460738895, 'max_bins': 130}. Best is trial 6 with value: 0.8383738204339547.
[I 2026-09-24 11:59:20,642] Trial 11 finished with value: 0.8196597828133828 and parameters: {'learning_rate': 0.01970058711812298, 'max_iter': 1379, 'max_leaf_nodes': 48, 'min_samples_leaf': 39, 'l2_regularization': 0.0010157353994061347, 'max_bins': 248}. Best is trial 6 with value: 0.8383738204339547.
[I 2026-09-24 11:59:26,325] Trial 12 finished with value: 0.8301362124160441 and parameters: {'learning_rate': 0.021141799337089647, 'max_iter': 607, 'max_leaf_nodes': 37, 'min_samples_leaf': 28, 'l2_regularization': 0.0015410556278839737, 'max_bins': 188}. Best is trial 6 with value: 0.8383738204339547.
[I 2026-09-24 11:59:30,907] Trial 13 finished with value: 0.8346431485782438 and parameters: {'learning_rate': 0.019271336939834315, 'max_iter': 659, 'max_leaf_nodes': 36, 'min_samples_leaf': 41, 'l2_regularization': 0.03487777939817558, 'max_bins': 247}. Best is trial 6 with value: 0.8383738204339547.
[I 2026-09-24 11:59:35,835] Trial 14 finished with value: 0.8335049065762767 and parameters: {'learning_rate': 0.023163592259664724, 'max_iter': 758, 'max_leaf_nodes': 37, 'min_samples_leaf': 44, 'l2_regularization': 0.17002234489908696, 'max_bins': 241}. Best is trial 6 with value: 0.8383738204339547.
[I 2026-09-24 11:59:38,875] Trial 15 finished with value: 0.8335111836461407 and parameters: {'learning_rate': 0.010448199692981119, 'max_iter': 276, 'max_leaf_nodes': 49, 'min_samples_leaf': 25, 'l2_regularization': 0.0011222553531002254, 'max_bins': 229}. Best is trial 6 with value: 0.8383738204339547.
[I 2026-09-24 11:59:42,802] Trial 16 finished with value: 0.8256606616031636 and parameters: {'learning_rate': 0.013593050104371939, 'max_iter': 528, 'max_leaf_nodes': 47, 'min_samples_leaf': 38, 'l2_regularization': 0.015346588367368689, 'max_bins': 184}. Best is trial 6 with value: 0.8383738204339547.
[I 2026-09-24 11:59:44,573] Trial 17 finished with value: 0.8290084321971837 and parameters: {'learning_rate': 0.022157493980290908, 'max_iter': 205, 'max_leaf_nodes': 54, 'min_samples_leaf': 37, 'l2_regularization': 0.0067854063124277355, 'max_bins': 172}. Best is trial 6 with value: 0.8383738204339547.
[I 2026-09-24 11:59:50,135] Trial 18 finished with value: 0.8200259452221036 and parameters: {'learning_rate': 0.01798322170768429, 'max_iter': 298, 'max_leaf_nodes': 53, 'min_samples_leaf': 12, 'l2_regularization': 0.008125231947854913, 'max_bins': 160}. Best is trial 6 with value: 0.8383738204339547.
[I 2026-09-24 11:59:55,618] Trial 19 finished with value: 0.8271441424476387 and parameters: {'learning_rate': 0.01759564598397148, 'max_iter': 502, 'max_leaf_nodes': 54, 'min_samples_leaf': 23, 'l2_regularization': 0.020631464718505074, 'max_bins': 96}. Best is trial 6 with value: 0.8383738204339547.
[I 2026-09-24 11:59:58,173] Trial 20 finished with value: 0.8290293557633963 and parameters: {'learning_rate': 0.010641910110563977, 'max_iter': 258, 'max_leaf_nodes': 42, 'min_samples_leaf': 29, 'l2_regularization': 0.01738396778177836, 'max_bins': 152}. Best is trial 6 with value: 0.8383738204339547.
[I 2026-09-24 12:00:12,541] Trial 21 finished with value: 0.8114200824388509 and parameters: {'learning_rate': 0.01526944091617996, 'max_iter': 1349, 'max_leaf_nodes': 47, 'min_samples_leaf': 23, 'l2_regularization': 0.0012815692864688224, 'max_bins': 227}. Best is trial 6 with value: 0.8383738204339547.
[I 2026-09-24 12:00:20,853] Trial 22 finished with value: 0.8249053208628878 and parameters: {'learning_rate': 0.016059103836600423, 'max_iter': 1050, 'max_leaf_nodes': 36, 'min_samples_leaf': 34, 'l2_regularization': 0.003871217882882993, 'max_bins': 255}. Best is trial 6 with value: 0.8383738204339547.
[I 2026-09-24 12:00:23,150] Trial 23 finished with value: 0.8230452158265854 and parameters: {'learning_rate': 0.011143933292936972, 'max_iter': 322, 'max_leaf_nodes': 47, 'min_samples_leaf': 47, 'l2_regularization': 0.0033974883012934196, 'max_bins': 237}. Best is trial 6 with value: 0.8383738204339547.
[I 2026-09-24 12:00:32,993] Trial 24 finished with value: 0.8297658652940806 and parameters: {'learning_rate': 0.013367481634265231, 'max_iter': 1468, 'max_leaf_nodes': 53, 'min_samples_leaf': 41, 'l2_regularization': 0.011681845463437073, 'max_bins': 253}. Best is trial 6 with value: 0.8383738204339547.
[I 2026-09-24 12:00:38,947] Trial 25 finished with value: 0.8320193333751804 and parameters: {'learning_rate': 0.012348524730198518, 'max_iter': 952, 'max_leaf_nodes': 58, 'min_samples_leaf': 47, 'l2_regularization': 0.0024303852521329727, 'max_bins': 212}. Best is trial 6 with value: 0.8383738204339547.
[I 2026-09-24 12:00:47,648] Trial 26 finished with value: 0.8163036427928777 and parameters: {'learning_rate': 0.031757691642745084, 'max_iter': 1447, 'max_leaf_nodes': 47, 'min_samples_leaf': 47, 'l2_regularization': 0.009095096806756102, 'max_bins': 224}. Best is trial 6 with value: 0.8383738204339547.
[I 2026-09-24 12:00:52,457] Trial 27 finished with value: 0.8219090661812398 and parameters: {'learning_rate': 0.036007744730665724, 'max_iter': 476, 'max_leaf_nodes': 42, 'min_samples_leaf': 26, 'l2_regularization': 0.003334090007777237, 'max_bins': 89}. Best is trial 6 with value: 0.8383738204339547.
[I 2026-09-24 12:01:00,020] Trial 28 finished with value: 0.8286422697884627 and parameters: {'learning_rate': 0.015294721425158026, 'max_iter': 1044, 'max_leaf_nodes': 35, 'min_samples_leaf': 39, 'l2_regularization': 0.0010386362913385905, 'max_bins': 203}. Best is trial 6 with value: 0.8383738204339547.
[I 2026-09-24 12:01:07,682] Trial 29 finished with value: 0.8327600276191073 and parameters: {'learning_rate': 0.010175205140101172, 'max_iter': 1177, 'max_leaf_nodes': 48, 'min_samples_leaf': 47, 'l2_regularization': 0.004447249826683634, 'max_bins': 245}. Best is trial 6 with value: 0.8383738204339547.
[I 2026-09-24 12:01:13,008] Trial 30 finished with value: 0.8290314481200176 and parameters: {'learning_rate': 0.019032686300018642, 'max_iter': 1007, 'max_leaf_nodes': 29, 'min_samples_leaf': 58, 'l2_regularization': 0.009445400720900176, 'max_bins': 222}. Best is trial 6 with value: 0.8383738204339547.
[I 2026-09-24 12:01:15,341] Trial 31 finished with value: 0.8282761073797418 and parameters: {'learning_rate': 0.013731024336667738, 'max_iter': 233, 'max_leaf_nodes': 51, 'min_samples_leaf': 32, 'l2_regularization': 0.0011233283853593374, 'max_bins': 206}. Best is trial 6 with value: 0.8383738204339547.
[I 2026-09-24 12:01:18,048] Trial 32 finished with value: 0.8286443621450839 and parameters: {'learning_rate': 0.010836796860741264, 'max_iter': 218, 'max_leaf_nodes': 56, 'min_samples_leaf': 22, 'l2_regularization': 0.004596762156047014, 'max_bins': 233}. Best is trial 6 with value: 0.8383738204339547.
[I 2026-09-24 12:01:22,717] Trial 33 finished with value: 0.8346347791517587 and parameters: {'learning_rate': 0.01313070504909867, 'max_iter': 412, 'max_leaf_nodes': 47, 'min_samples_leaf': 23, 'l2_regularization': 0.0031851949125503245, 'max_bins': 187}. Best is trial 6 with value: 0.8383738204339547.
[I 2026-09-24 12:01:27,993] Trial 34 finished with value: 0.8368777854497521 and parameters: {'learning_rate': 0.010615522314637806, 'max_iter': 545, 'max_leaf_nodes': 56, 'min_samples_leaf': 27, 'l2_regularization': 0.002479592239612531, 'max_bins': 189}. Best is trial 6 with value: 0.8383738204339547.
[I 2026-09-24 12:01:34,743] Trial 35 finished with value: 0.8263929864206055 and parameters: {'learning_rate': 0.01500485521526934, 'max_iter': 684, 'max_leaf_nodes': 57, 'min_samples_leaf': 26, 'l2_regularization': 0.005343262895698398, 'max_bins': 213}. Best is trial 6 with value: 0.8383738204339547.
[I 2026-09-24 12:01:39,265] Trial 36 finished with value: 0.8398635783482936 and parameters: {'learning_rate': 0.010997762719171113, 'max_iter': 449, 'max_leaf_nodes': 45, 'min_samples_leaf': 26, 'l2_regularization': 0.00456196198092529, 'max_bins': 193}. Best is trial 36 with value: 0.8398635783482936.
[I 2026-09-24 12:01:45,138] Trial 37 finished with value: 0.836494884188061 and parameters: {'learning_rate': 0.012045305717941544, 'max_iter': 612, 'max_leaf_nodes': 49, 'min_samples_leaf': 27, 'l2_regularization': 0.027849308366905235, 'max_bins': 217}. Best is trial 36 with value: 0.8398635783482936.
[I 2026-09-24 12:01:49,248] Trial 38 finished with value: 0.8391270688176092 and parameters: {'learning_rate': 0.011755517656832446, 'max_iter': 446, 'max_leaf_nodes': 46, 'min_samples_leaf': 29, 'l2_regularization': 0.003130181734782281, 'max_bins': 157}. Best is trial 36 with value: 0.8398635783482936.
[I 2026-09-24 12:01:54,350] Trial 39 finished with value: 0.8305149289644926 and parameters: {'learning_rate': 0.0146345831214929, 'max_iter': 603, 'max_leaf_nodes': 46, 'min_samples_leaf': 32, 'l2_regularization': 0.0029152226242894754, 'max_bins': 156}. Best is trial 36 with value: 0.8398635783482936.
[I 2026-09-24 12:01:58,302] Trial 40 finished with value: 0.8338836231247254 and parameters: {'learning_rate': 0.010707205535528567, 'max_iter': 455, 'max_leaf_nodes': 61, 'min_samples_leaf': 32, 'l2_regularization': 0.002048099755216242, 'max_bins': 189}. Best is trial 36 with value: 0.8398635783482936.
[I 2026-09-24 12:02:03,650] Trial 41 finished with value: 0.8372439478584729 and parameters: {'learning_rate': 0.014165285943998967, 'max_iter': 568, 'max_leaf_nodes': 54, 'min_samples_leaf': 28, 'l2_regularization': 0.0029757580278345942, 'max_bins': 187}. Best is trial 36 with value: 0.8398635783482936.
[I 2026-09-24 12:02:07,366] Trial 42 finished with value: 0.8346326867951374 and parameters: {'learning_rate': 0.011683847700625626, 'max_iter': 395, 'max_leaf_nodes': 43, 'min_samples_leaf': 29, 'l2_regularization': 0.004078239133820465, 'max_bins': 208}. Best is trial 36 with value: 0.8398635783482936.
[I 2026-09-24 12:02:13,229] Trial 43 finished with value: 0.8308873684430775 and parameters: {'learning_rate': 0.01049506459289575, 'max_iter': 499, 'max_leaf_nodes': 48, 'min_samples_leaf': 21, 'l2_regularization': 0.013604791915458426, 'max_bins': 189}. Best is trial 36 with value: 0.8398635783482936.
[I 2026-09-24 12:02:16,810] Trial 44 finished with value: 0.8350072186303434 and parameters: {'learning_rate': 0.015050344114377667, 'max_iter': 389, 'max_leaf_nodes': 51, 'min_samples_leaf': 30, 'l2_regularization': 0.0013690900590275813, 'max_bins': 174}. Best is trial 36 with value: 0.8398635783482936.
[I 2026-09-24 12:02:22,038] Trial 45 finished with value: 0.8368777854497521 and parameters: {'learning_rate': 0.013071983732280544, 'max_iter': 604, 'max_leaf_nodes': 58, 'min_samples_leaf': 31, 'l2_regularization': 0.0043803303661012595, 'max_bins': 180}. Best is trial 36 with value: 0.8398635783482936.
[I 2026-09-24 12:02:24,374] Trial 46 finished with value: 0.8305253907475991 and parameters: {'learning_rate': 0.010839853458819455, 'max_iter': 244, 'max_leaf_nodes': 46, 'min_samples_leaf': 30, 'l2_regularization': 0.00480971191039889, 'max_bins': 165}. Best is trial 36 with value: 0.8398635783482936.
[I 2026-09-24 12:02:28,398] Trial 47 finished with value: 0.8383800975038186 and parameters: {'learning_rate': 0.01265383407190508, 'max_iter': 431, 'max_leaf_nodes': 44, 'min_samples_leaf': 29, 'l2_regularization': 0.008317938415299085, 'max_bins': 148}. Best is trial 36 with value: 0.8398635783482936.
[I 2026-09-24 12:02:32,082] Trial 48 finished with value: 0.8361266294227188 and parameters: {'learning_rate': 0.010211159932830815, 'max_iter': 383, 'max_leaf_nodes': 39, 'min_samples_leaf': 28, 'l2_regularization': 0.005689484621146036, 'max_bins': 152}. Best is trial 36 with value: 0.8398635783482936.
[I 2026-09-24 12:02:35,684] Trial 49 finished with value: 0.8372481325717156 and parameters: {'learning_rate': 0.014560039769785026, 'max_iter': 391, 'max_leaf_nodes': 49, 'min_samples_leaf': 30, 'l2_regularization': 0.017493555270250236, 'max_bins': 161}. Best is trial 36 with value: 0.8398635783482936.
[I 2026-09-24 12:02:39,321] Trial 50 finished with value: 0.8376247567635428 and parameters: {'learning_rate': 0.010357323755755876, 'max_iter': 343, 'max_leaf_nodes': 56, 'min_samples_leaf': 25, 'l2_regularization': 0.004841524175695185, 'max_bins': 189}. Best is trial 36 with value: 0.8398635783482936.
[I 2026-09-24 12:02:44,915] Trial 51 finished with value: 0.8316322474002471 and parameters: {'learning_rate': 0.011595998230508315, 'max_iter': 490, 'max_leaf_nodes': 51, 'min_samples_leaf': 22, 'l2_regularization': 0.004667244094485572, 'max_bins': 163}. Best is trial 36 with value: 0.8398635783482936.
[I 2026-09-24 12:02:48,717] Trial 52 finished with value: 0.831640616826732 and parameters: {'learning_rate': 0.015159572309358995, 'max_iter': 431, 'max_leaf_nodes': 44, 'min_samples_leaf': 31, 'l2_regularization': 0.011332294232382517, 'max_bins': 133}. Best is trial 36 with value: 0.8398635783482936.
[I 2026-09-24 12:02:53,335] Trial 53 finished with value: 0.8379971962421277 and parameters: {'learning_rate': 0.010444820574596768, 'max_iter': 475, 'max_leaf_nodes': 45, 'min_samples_leaf': 27, 'l2_regularization': 0.0015899317183988941, 'max_bins': 181}. Best is trial 36 with value: 0.8398635783482936.
[I 2026-09-24 12:02:58,271] Trial 54 finished with value: 0.8364990689013034 and parameters: {'learning_rate': 0.012134947077725963, 'max_iter': 399, 'max_leaf_nodes': 41, 'min_samples_leaf': 20, 'l2_regularization': 0.0022650754654880995, 'max_bins': 200}. Best is trial 36 with value: 0.8398635783482936.
[I 2026-09-24 12:03:03,806] Trial 55 finished with value: 0.8349988492038583 and parameters: {'learning_rate': 0.01315665105648954, 'max_iter': 556, 'max_leaf_nodes': 51, 'min_samples_leaf': 26, 'l2_regularization': 0.008748891368245826, 'max_bins': 178}. Best is trial 36 with value: 0.8398635783482936.
[I 2026-09-24 12:03:09,867] Trial 56 finished with value: 0.8323792187140379 and parameters: {'learning_rate': 0.011528236018436297, 'max_iter': 635, 'max_leaf_nodes': 49, 'min_samples_leaf': 27, 'l2_regularization': 0.002937906152184494, 'max_bins': 158}. Best is trial 36 with value: 0.8398635783482936.
[I 2026-09-24 12:03:12,999] Trial 57 finished with value: 0.8365074383277887 and parameters: {'learning_rate': 0.011128348231262467, 'max_iter': 282, 'max_leaf_nodes': 53, 'min_samples_leaf': 24, 'l2_regularization': 0.005628825779474011, 'max_bins': 183}. Best is trial 36 with value: 0.8398635783482936.
[I 2026-09-24 12:03:15,866] Trial 58 finished with value: 0.8353796581089281 and parameters: {'learning_rate': 0.012129456622573694, 'max_iter': 264, 'max_leaf_nodes': 47, 'min_samples_leaf': 25, 'l2_regularization': 0.012251936404231641, 'max_bins': 182}. Best is trial 36 with value: 0.8398635783482936.
[I 2026-09-24 12:03:21,107] Trial 59 finished with value: 0.8342518778900676 and parameters: {'learning_rate': 0.013804077323696318, 'max_iter': 505, 'max_leaf_nodes': 48, 'min_samples_leaf': 25, 'l2_regularization': 0.0015674150940243044, 'max_bins': 184}. Best is trial 36 with value: 0.8398635783482936.
[I 2026-09-24 12:03:21,108] A new study created in memory with name: no-name-fb20162e-0a58-4278-bf5f-640c98b55aba
[I 2026-09-24 12:03:26,585] Trial 0 finished with value: 0.81294331805913 and parameters: {'n_estimators': 425, 'max_depth': 20, 'min_samples_leaf': 22, 'max_features': 0.7190609389379257}. Best is trial 0 with value: 0.81294331805913.
